#
# There is insufficient memory for the Java Runtime Environment to continue.
# Native memory allocation (mmap) failed to map 22020096 bytes for G1 virtual space
# Possible reasons:
#   The system is out of physical RAM or swap space
#   The process is running with CompressedOops enabled, and the Java Heap may be blocking the growth of the native heap
# Possible solutions:
#   Reduce memory load on the system
#   Increase physical memory or swap space
#   Check if swap backing store is full
#   Decrease Java heap size (-Xmx/-Xms)
#   Decrease number of Java threads
#   Decrease Java thread stack sizes (-Xss)
#   Set larger code cache with -XX:ReservedCodeCacheSize=
#   JVM is running with Unscaled Compressed Oops mode in which the Java heap is
#     placed in the first 4GB address space. The Java Heap base address is the
#     maximum limit for the native heap growth. Please use -XX:HeapBaseMinAddress
#     to set the Java Heap base and to place the Java Heap above 4GB virtual address.
# This output file may be truncated or incomplete.
#
#  Out of Memory Error (os_windows.cpp:3541), pid=13720, tid=3548
#
# JRE version: Java(TM) SE Runtime Environment (17.0.5+9) (build 17.0.5+9-LTS-191)
# Java VM: Java HotSpot(TM) 64-Bit Server VM (17.0.5+9-LTS-191, mixed mode, sharing, tiered, compressed oops, compressed class ptrs, g1 gc, windows-amd64)
# No core dump will be written. Minidumps are not enabled by default on client versions of Windows
#

---------------  S U M M A R Y ------------

Command Line: -Dfile.encoding=UTF-8 -XX:+ShowCodeDetailsInExceptionMessages me.dio.gameawards.Application

Host: 11th Gen Intel(R) Core(TM) i3-1115G4 @ 3.00GHz, 4 cores, 3G,  Windows 11 , 64 bit Build 22621 (10.0.22621.755)
Time: Tue Dec 13 09:55:36 2022 Hora oficial do Brasil elapsed time: 30.588462 seconds (0d 0h 0m 30s)

---------------  T H R E A D  ---------------

Current thread (0x00000161d063fc50):  VMThread "VM Thread" [stack: 0x00000029acb00000,0x00000029acc00000] [id=3548]

Stack: [0x00000029acb00000,0x00000029acc00000]
Native frames: (J=compiled Java code, j=interpreted, Vv=VM code, C=native code)
V  [jvm.dll+0x672eea]
V  [jvm.dll+0x7d2a04]
V  [jvm.dll+0x7d41ae]
V  [jvm.dll+0x7d4813]
V  [jvm.dll+0x242c15]
V  [jvm.dll+0x66fe09]
V  [jvm.dll+0x664682]
V  [jvm.dll+0x300e8b]
V  [jvm.dll+0x308426]
V  [jvm.dll+0x357ffe]
V  [jvm.dll+0x35822f]
V  [jvm.dll+0x2d80a8]
V  [jvm.dll+0x2d6374]
V  [jvm.dll+0x2d597c]
V  [jvm.dll+0x3193eb]
V  [jvm.dll+0x7d8ceb]
V  [jvm.dll+0x7d9a24]
V  [jvm.dll+0x7d9f3c]
V  [jvm.dll+0x7da314]
V  [jvm.dll+0x7da3e0]
V  [jvm.dll+0x782b4a]
V  [jvm.dll+0x671d75]
C  [ucrtbase.dll+0x29363]
C  [KERNEL32.DLL+0x1244d]
C  [ntdll.dll+0x5dfb8]

VM_Operation (0x00000029ae8fe0a0): G1CollectForAllocation, mode: safepoint, requested by thread 0x00000161ef6cd510


---------------  P R O C E S S  ---------------

Threads class SMR info:
_java_thread_list=0x00000161ec55f5b0, length=25, elements={
0x00000161d0585aa0, 0x00000161d0645a00, 0x00000161d06484d0, 0x00000161eb5cae40,
0x00000161eb5cb700, 0x00000161eb5cbfc0, 0x00000161eb5d0d90, 0x00000161eb5d1a30,
0x00000161eb639f30, 0x00000161eb644440, 0x00000161ec079320, 0x00000161ec085480,
0x00000161ec7c3ae0, 0x00000161ec7c2020, 0x00000161ec7c24f0, 0x00000161ec61a020,
0x00000161edc32b20, 0x00000161ef6ca9c0, 0x00000161ef6c7000, 0x00000161ef6c7e70,
0x00000161ef6cb830, 0x00000161ef6cd9e0, 0x00000161ef6cdeb0, 0x00000161ef6ca4f0,
0x00000161ef6cd510
}

Java Threads: ( => current thread )
  0x00000161d0585aa0 JavaThread "main" [_thread_blocked, id=17052, stack(0x00000029ac500000,0x00000029ac600000)]
  0x00000161d0645a00 JavaThread "Reference Handler" daemon [_thread_blocked, id=9140, stack(0x00000029acc00000,0x00000029acd00000)]
  0x00000161d06484d0 JavaThread "Finalizer" daemon [_thread_blocked, id=16332, stack(0x00000029acd00000,0x00000029ace00000)]
  0x00000161eb5cae40 JavaThread "Signal Dispatcher" daemon [_thread_blocked, id=444, stack(0x00000029ace00000,0x00000029acf00000)]
  0x00000161eb5cb700 JavaThread "Attach Listener" daemon [_thread_blocked, id=11116, stack(0x00000029acf00000,0x00000029ad000000)]
  0x00000161eb5cbfc0 JavaThread "Service Thread" daemon [_thread_blocked, id=6628, stack(0x00000029ad000000,0x00000029ad100000)]
  0x00000161eb5d0d90 JavaThread "Monitor Deflation Thread" daemon [_thread_blocked, id=14888, stack(0x00000029ad100000,0x00000029ad200000)]
  0x00000161eb5d1a30 JavaThread "C2 CompilerThread0" daemon [_thread_blocked, id=15520, stack(0x00000029ad200000,0x00000029ad300000)]
  0x00000161eb639f30 JavaThread "C1 CompilerThread0" daemon [_thread_blocked, id=15072, stack(0x00000029ad300000,0x00000029ad400000)]
  0x00000161eb644440 JavaThread "Sweeper thread" daemon [_thread_blocked, id=14992, stack(0x00000029ad400000,0x00000029ad500000)]
  0x00000161ec079320 JavaThread "Notification Thread" daemon [_thread_blocked, id=9912, stack(0x00000029ad500000,0x00000029ad600000)]
  0x00000161ec085480 JavaThread "Common-Cleaner" daemon [_thread_blocked, id=16848, stack(0x00000029ad700000,0x00000029ad800000)]
  0x00000161ec7c3ae0 JavaThread "Catalina-utility-1" [_thread_blocked, id=9176, stack(0x00000029adb00000,0x00000029adc00000)]
  0x00000161ec7c2020 JavaThread "Catalina-utility-2" [_thread_blocked, id=11836, stack(0x00000029adc00000,0x00000029add00000)]
  0x00000161ec7c24f0 JavaThread "container-0" [_thread_blocked, id=7712, stack(0x00000029add00000,0x00000029ade00000)]
  0x00000161ec61a020 JavaThread "mysql-cj-abandoned-connection-cleanup" daemon [_thread_blocked, id=16204, stack(0x00000029ade00000,0x00000029adf00000)]
  0x00000161edc32b20 JavaThread "HikariPool-1 housekeeper" daemon [_thread_blocked, id=12300, stack(0x00000029ae000000,0x00000029ae100000)]
  0x00000161ef6ca9c0 JavaThread "ClassGraph-worker-16" daemon [_thread_blocked, id=13812, stack(0x00000029ae100000,0x00000029ae200000)]
  0x00000161ef6c7000 JavaThread "ClassGraph-worker-17" daemon [_thread_blocked, id=6512, stack(0x00000029ae200000,0x00000029ae300000)]
  0x00000161ef6c7e70 JavaThread "ClassGraph-worker-18" daemon [_thread_blocked, id=11812, stack(0x00000029ae300000,0x00000029ae400000)]
  0x00000161ef6cb830 JavaThread "ClassGraph-worker-19" daemon [_thread_blocked, id=13240, stack(0x00000029ae400000,0x00000029ae500000)]
  0x00000161ef6cd9e0 JavaThread "ClassGraph-worker-20" daemon [_thread_blocked, id=6232, stack(0x00000029ae500000,0x00000029ae600000)]
  0x00000161ef6cdeb0 JavaThread "ClassGraph-worker-21" daemon [_thread_blocked, id=15344, stack(0x00000029ae600000,0x00000029ae700000)]
  0x00000161ef6ca4f0 JavaThread "ClassGraph-worker-22" daemon [_thread_blocked, id=16584, stack(0x00000029ae700000,0x00000029ae800000)]
  0x00000161ef6cd510 JavaThread "ClassGraph-worker-23" daemon [_thread_blocked, id=14564, stack(0x00000029ae800000,0x00000029ae900000)]

Other Threads:
=>0x00000161d063fc50 VMThread "VM Thread" [stack: 0x00000029acb00000,0x00000029acc00000] [id=3548]
  0x00000161ec07d800 WatcherThread [stack: 0x00000029ad600000,0x00000029ad700000] [id=17276]
  0x00000161d05c1650 GCTaskThread "GC Thread#0" [stack: 0x00000029ac600000,0x00000029ac700000] [id=10676]
  0x00000161ec75fe30 GCTaskThread "GC Thread#1" [stack: 0x00000029ad800000,0x00000029ad900000] [id=16756]
  0x00000161ec83f240 GCTaskThread "GC Thread#2" [stack: 0x00000029ad900000,0x00000029ada00000] [id=10056]
  0x00000161ec765300 GCTaskThread "GC Thread#3" [stack: 0x00000029ada00000,0x00000029adb00000] [id=6604]
  0x00000161d05d8090 ConcurrentGCThread "G1 Main Marker" [stack: 0x00000029ac700000,0x00000029ac800000] [id=4700]
  0x00000161d05da700 ConcurrentGCThread "G1 Conc#0" [stack: 0x00000029ac800000,0x00000029ac900000] [id=4144]
  0x00000161d0617ab0 ConcurrentGCThread "G1 Refine#0" [stack: 0x00000029ac900000,0x00000029aca00000] [id=10556]
  0x00000161d0618370 ConcurrentGCThread "G1 Service" [stack: 0x00000029aca00000,0x00000029acb00000] [id=16452]

Threads with active compile tasks:
C2 CompilerThread0    30666 5569   !   4       io.github.classgraph.ClasspathElementZip::open (1079 bytes)

VM state: at safepoint (normal execution)

VM Mutex/Monitor currently owned by a thread:  ([mutex/lock_event])
[0x00000161d0581760] Threads_lock - owner thread: 0x00000161d063fc50
[0x00000161d0580ef0] Heap_lock - owner thread: 0x00000161ef6cd510

Heap address: 0x00000000c4400000, size: 956 MB, Compressed Oops mode: 32-bit

CDS archive(s) mapped at: [0x0000000800000000-0x0000000800bd0000-0x0000000800bd0000), size 12386304, SharedBaseAddress: 0x0000000800000000, ArchiveRelocationMode: 0.
Compressed class space mapped at: 0x0000000800c00000-0x0000000840c00000, reserved size: 1073741824
Narrow klass base: 0x0000000800000000, Narrow klass shift: 0, Narrow klass range: 0x100000000

GC Precious Log:
 CPUs: 4 total, 4 available
 Memory: 3819M
 Large Page Support: Disabled
 NUMA Support: Disabled
 Compressed Oops: Enabled (32-bit)
 Heap Region Size: 1M
 Heap Min Capacity: 8M
 Heap Initial Capacity: 60M
 Heap Max Capacity: 956M
 Pre-touch: Disabled
 Parallel Workers: 4
 Concurrent Workers: 1
 Concurrent Refinement Workers: 4
 Periodic GC: Disabled

Heap:
 garbage-first heap   total 75776K, used 39993K [0x00000000c4400000, 0x0000000100000000)
  region size 1024K, 1 young (1024K), 1 survivors (1024K)
 Metaspace       used 60944K, committed 61440K, reserved 1105920K
  class space    used 8215K, committed 8448K, reserved 1048576K

Heap Regions: E=young(eden), S=young(survivor), O=old, HS=humongous(starts), HC=humongous(continues), CS=collection set, F=free, OA=open archive, CA=closed archive, TAMS=top-at-mark-start (previous, next)
|   0|0x00000000c4400000, 0x00000000c4500000, 0x00000000c4500000|100%|HS|  |TAMS 0x00000000c4500000, 0x00000000c4400000| Complete 
|   1|0x00000000c4500000, 0x00000000c4600000, 0x00000000c4600000|100%| O|  |TAMS 0x00000000c4600000, 0x00000000c4500000| Updating 
|   2|0x00000000c4600000, 0x00000000c4700000, 0x00000000c4700000|100%| O|  |TAMS 0x00000000c4700000, 0x00000000c4600000| Untracked 
|   3|0x00000000c4700000, 0x00000000c4800000, 0x00000000c4800000|100%| O|  |TAMS 0x00000000c4800000, 0x00000000c4700000| Untracked 
|   4|0x00000000c4800000, 0x00000000c4900000, 0x00000000c4900000|100%| O|  |TAMS 0x00000000c4900000, 0x00000000c4800000| Untracked 
|   5|0x00000000c4900000, 0x00000000c4a00000, 0x00000000c4a00000|100%| O|  |TAMS 0x00000000c4a00000, 0x00000000c4900000| Untracked 
|   6|0x00000000c4a00000, 0x00000000c4b00000, 0x00000000c4b00000|100%| O|  |TAMS 0x00000000c4b00000, 0x00000000c4a00000| Untracked 
|   7|0x00000000c4b00000, 0x00000000c4c00000, 0x00000000c4c00000|100%| O|  |TAMS 0x00000000c4c00000, 0x00000000c4b00000| Untracked 
|   8|0x00000000c4c00000, 0x00000000c4d00000, 0x00000000c4d00000|100%| O|  |TAMS 0x00000000c4d00000, 0x00000000c4c00000| Untracked 
|   9|0x00000000c4d00000, 0x00000000c4e00000, 0x00000000c4e00000|100%| O|  |TAMS 0x00000000c4e00000, 0x00000000c4d00000| Untracked 
|  10|0x00000000c4e00000, 0x00000000c4e97e00, 0x00000000c4f00000| 59%| O|  |TAMS 0x00000000c4e97e00, 0x00000000c4e00000| Updating 
|  11|0x00000000c4f00000, 0x00000000c5000000, 0x00000000c5000000|100%| O|  |TAMS 0x00000000c5000000, 0x00000000c4f00000| Updating 
|  12|0x00000000c5000000, 0x00000000c5100000, 0x00000000c5100000|100%| O|  |TAMS 0x00000000c5100000, 0x00000000c5000000| Untracked 
|  13|0x00000000c5100000, 0x00000000c5200000, 0x00000000c5200000|100%| O|  |TAMS 0x00000000c5200000, 0x00000000c5100000| Untracked 
|  14|0x00000000c5200000, 0x00000000c5300000, 0x00000000c5300000|100%| O|  |TAMS 0x00000000c5300000, 0x00000000c5200000| Untracked 
|  15|0x00000000c5300000, 0x00000000c5400000, 0x00000000c5400000|100%| O|  |TAMS 0x00000000c5400000, 0x00000000c5300000| Untracked 
|  16|0x00000000c5400000, 0x00000000c5500000, 0x00000000c5500000|100%| O|  |TAMS 0x00000000c5500000, 0x00000000c5400000| Updating 
|  17|0x00000000c5500000, 0x00000000c5600000, 0x00000000c5600000|100%| O|  |TAMS 0x00000000c5600000, 0x00000000c5500000| Untracked 
|  18|0x00000000c5600000, 0x00000000c5700000, 0x00000000c5700000|100%| O|  |TAMS 0x00000000c5700000, 0x00000000c5600000| Untracked 
|  19|0x00000000c5700000, 0x00000000c5800000, 0x00000000c5800000|100%| O|  |TAMS 0x00000000c5800000, 0x00000000c5700000| Updating 
|  20|0x00000000c5800000, 0x00000000c5900000, 0x00000000c5900000|100%| O|  |TAMS 0x00000000c5900000, 0x00000000c5800000| Untracked 
|  21|0x00000000c5900000, 0x00000000c5a00000, 0x00000000c5a00000|100%| O|  |TAMS 0x00000000c5a00000, 0x00000000c5900000| Untracked 
|  22|0x00000000c5a00000, 0x00000000c5b00000, 0x00000000c5b00000|100%| O|  |TAMS 0x00000000c5b00000, 0x00000000c5a00000| Updating 
|  23|0x00000000c5b00000, 0x00000000c5c00000, 0x00000000c5c00000|100%| O|  |TAMS 0x00000000c5c00000, 0x00000000c5b00000| Untracked 
|  24|0x00000000c5c00000, 0x00000000c5d00000, 0x00000000c5d00000|100%| O|  |TAMS 0x00000000c5d00000, 0x00000000c5c00000| Untracked 
|  25|0x00000000c5d00000, 0x00000000c5e00000, 0x00000000c5e00000|100%| O|  |TAMS 0x00000000c5e00000, 0x00000000c5d00000| Untracked 
|  26|0x00000000c5e00000, 0x00000000c5f00000, 0x00000000c5f00000|100%| O|  |TAMS 0x00000000c5f00000, 0x00000000c5e00000| Untracked 
|  27|0x00000000c5f00000, 0x00000000c6000000, 0x00000000c6000000|100%| O|  |TAMS 0x00000000c6000000, 0x00000000c5f00000| Updating 
|  28|0x00000000c6000000, 0x00000000c6100000, 0x00000000c6100000|100%| O|  |TAMS 0x00000000c6100000, 0x00000000c6000000| Untracked 
|  29|0x00000000c6100000, 0x00000000c6200000, 0x00000000c6200000|100%| O|  |TAMS 0x00000000c6200000, 0x00000000c6100000| Updating 
|  30|0x00000000c6200000, 0x00000000c6300000, 0x00000000c6300000|100%| O|  |TAMS 0x00000000c6300000, 0x00000000c6200000| Untracked 
|  31|0x00000000c6300000, 0x00000000c6400000, 0x00000000c6400000|100%| O|  |TAMS 0x00000000c6400000, 0x00000000c6300000| Updating 
|  32|0x00000000c6400000, 0x00000000c6500000, 0x00000000c6500000|100%| O|  |TAMS 0x00000000c6500000, 0x00000000c6400000| Updating 
|  33|0x00000000c6500000, 0x00000000c6600000, 0x00000000c6600000|100%| O|  |TAMS 0x00000000c6600000, 0x00000000c6500000| Updating 
|  34|0x00000000c6600000, 0x00000000c6700000, 0x00000000c6700000|100%| O|  |TAMS 0x00000000c6652e00, 0x00000000c6600000| Updating 
|  35|0x00000000c6700000, 0x00000000c6800000, 0x00000000c6800000|100%| O|  |TAMS 0x00000000c6700000, 0x00000000c6700000| Untracked 
|  36|0x00000000c6800000, 0x00000000c6900000, 0x00000000c6900000|100%| O|  |TAMS 0x00000000c6800000, 0x00000000c6800000| Updating 
|  37|0x00000000c6900000, 0x00000000c6900000, 0x00000000c6a00000|  0%| F|  |TAMS 0x00000000c6900000, 0x00000000c6900000| Untracked 
|  38|0x00000000c6a00000, 0x00000000c6b00000, 0x00000000c6b00000|100%| O|  |TAMS 0x00000000c6a00000, 0x00000000c6a00000| Untracked 
|  39|0x00000000c6b00000, 0x00000000c6b76800, 0x00000000c6c00000| 46%| O|  |TAMS 0x00000000c6b00000, 0x00000000c6b00000| Untracked 
|  40|0x00000000c6c00000, 0x00000000c6c00000, 0x00000000c6d00000|  0%| F|  |TAMS 0x00000000c6c00000, 0x00000000c6c00000| Untracked 
|  41|0x00000000c6d00000, 0x00000000c6d00000, 0x00000000c6e00000|  0%| F|  |TAMS 0x00000000c6d00000, 0x00000000c6d00000| Untracked 
|  42|0x00000000c6e00000, 0x00000000c6e00000, 0x00000000c6f00000|  0%| F|  |TAMS 0x00000000c6e00000, 0x00000000c6e00000| Untracked 
|  43|0x00000000c6f00000, 0x00000000c6f00000, 0x00000000c7000000|  0%| F|  |TAMS 0x00000000c6f00000, 0x00000000c6f00000| Untracked 
|  44|0x00000000c7000000, 0x00000000c7000000, 0x00000000c7100000|  0%| F|  |TAMS 0x00000000c7000000, 0x00000000c7000000| Untracked 
|  45|0x00000000c7100000, 0x00000000c7100000, 0x00000000c7200000|  0%| F|  |TAMS 0x00000000c7100000, 0x00000000c7100000| Untracked 
|  46|0x00000000c7200000, 0x00000000c7200000, 0x00000000c7300000|  0%| F|  |TAMS 0x00000000c7200000, 0x00000000c7200000| Untracked 
|  47|0x00000000c7300000, 0x00000000c7300000, 0x00000000c7400000|  0%| F|  |TAMS 0x00000000c7300000, 0x00000000c7300000| Untracked 
|  48|0x00000000c7400000, 0x00000000c7400000, 0x00000000c7500000|  0%| F|  |TAMS 0x00000000c7400000, 0x00000000c7400000| Untracked 
|  49|0x00000000c7500000, 0x00000000c7500000, 0x00000000c7600000|  0%| F|  |TAMS 0x00000000c7500000, 0x00000000c7500000| Untracked 
|  50|0x00000000c7600000, 0x00000000c7600000, 0x00000000c7700000|  0%| F|  |TAMS 0x00000000c7600000, 0x00000000c7600000| Untracked 
|  51|0x00000000c7700000, 0x00000000c7700000, 0x00000000c7800000|  0%| F|  |TAMS 0x00000000c7700000, 0x00000000c7700000| Untracked 
|  52|0x00000000c7800000, 0x00000000c7800000, 0x00000000c7900000|  0%| F|  |TAMS 0x00000000c7800000, 0x00000000c7800000| Untracked 
|  53|0x00000000c7900000, 0x00000000c7900000, 0x00000000c7a00000|  0%| F|  |TAMS 0x00000000c7900000, 0x00000000c7900000| Untracked 
|  54|0x00000000c7a00000, 0x00000000c7a00000, 0x00000000c7b00000|  0%| F|  |TAMS 0x00000000c7a00000, 0x00000000c7a00000| Untracked 
|  55|0x00000000c7b00000, 0x00000000c7b00000, 0x00000000c7c00000|  0%| F|  |TAMS 0x00000000c7b00000, 0x00000000c7b00000| Untracked 
|  56|0x00000000c7c00000, 0x00000000c7c00000, 0x00000000c7d00000|  0%| F|  |TAMS 0x00000000c7c00000, 0x00000000c7c00000| Untracked 
|  57|0x00000000c7d00000, 0x00000000c7d00000, 0x00000000c7e00000|  0%| F|  |TAMS 0x00000000c7d00000, 0x00000000c7d00000| Untracked 
|  58|0x00000000c7e00000, 0x00000000c7e00000, 0x00000000c7f00000|  0%| F|  |TAMS 0x00000000c7e00000, 0x00000000c7e00000| Untracked 
|  59|0x00000000c7f00000, 0x00000000c7f00000, 0x00000000c8000000|  0%| F|  |TAMS 0x00000000c7f00000, 0x00000000c7f00000| Untracked 
|  60|0x00000000c8000000, 0x00000000c8000000, 0x00000000c8100000|  0%| F|  |TAMS 0x00000000c8000000, 0x00000000c8000000| Untracked 
|  61|0x00000000c8100000, 0x00000000c8100000, 0x00000000c8200000|  0%| F|  |TAMS 0x00000000c8100000, 0x00000000c8100000| Untracked 
|  62|0x00000000c8200000, 0x00000000c8200000, 0x00000000c8300000|  0%| F|  |TAMS 0x00000000c8200000, 0x00000000c8200000| Untracked 
|  63|0x00000000c8300000, 0x00000000c8300000, 0x00000000c8400000|  0%| F|  |TAMS 0x00000000c8300000, 0x00000000c8300000| Untracked 
|  64|0x00000000c8400000, 0x00000000c8400000, 0x00000000c8500000|  0%| F|  |TAMS 0x00000000c8400000, 0x00000000c8400000| Untracked 
|  65|0x00000000c8500000, 0x00000000c8500000, 0x00000000c8600000|  0%| F|  |TAMS 0x00000000c8500000, 0x00000000c8500000| Untracked 
|  66|0x00000000c8600000, 0x00000000c8600000, 0x00000000c8700000|  0%| F|  |TAMS 0x00000000c8600000, 0x00000000c8600000| Untracked 
|  67|0x00000000c8700000, 0x00000000c8700000, 0x00000000c8800000|  0%| F|  |TAMS 0x00000000c8700000, 0x00000000c8700000| Untracked 
|  68|0x00000000c8800000, 0x00000000c8800000, 0x00000000c8900000|  0%| F|  |TAMS 0x00000000c8800000, 0x00000000c8800000| Untracked 
|  69|0x00000000c8900000, 0x00000000c8900000, 0x00000000c8a00000|  0%| F|  |TAMS 0x00000000c8900000, 0x00000000c8900000| Untracked 
|  70|0x00000000c8a00000, 0x00000000c8a00000, 0x00000000c8b00000|  0%| F|  |TAMS 0x00000000c8a00000, 0x00000000c8a00000| Untracked 
|  71|0x00000000c8b00000, 0x00000000c8c00000, 0x00000000c8c00000|100%| S|CS|TAMS 0x00000000c8b00000, 0x00000000c8b00000| Complete 
|  72|0x00000000c8c00000, 0x00000000c8c00000, 0x00000000c8d00000|  0%| F|  |TAMS 0x00000000c8c00000, 0x00000000c8c00000| Untracked 
|  73|0x00000000c8d00000, 0x00000000c8d00000, 0x00000000c8e00000|  0%| F|  |TAMS 0x00000000c8d00000, 0x00000000c8d00000| Untracked 

Card table byte_map: [0x00000161e6fd0000,0x00000161e71b0000] _byte_map_base: 0x00000161e69ae000

Marking Bits (Prev, Next): (CMBitMap*) 0x00000161d05c1ca0, (CMBitMap*) 0x00000161d05c1c60
 Prev Bits: [0x00000161e8280000, 0x00000161e9170000)
 Next Bits: [0x00000161e7390000, 0x00000161e8280000)

Polling page: 0x00000161cfd50000

Metaspace:

Usage:
  Non-class:     51.49 MB used.
      Class:      8.02 MB used.
       Both:     59.52 MB used.

Virtual space:
  Non-class space:       56.00 MB reserved,      51.75 MB ( 92%) committed,  7 nodes.
      Class space:        1.00 GB reserved,       8.25 MB ( <1%) committed,  1 nodes.
             Both:        1.05 GB reserved,      60.00 MB (  6%) committed. 

Chunk freelists:
   Non-Class:  3.79 MB
       Class:  3.60 MB
        Both:  7.40 MB

MaxMetaspaceSize: unlimited
CompressedClassSpaceSize: 1.00 GB
Initial GC threshold: 21.00 MB
Current GC threshold: 100.00 MB
CDS: on
MetaspaceReclaimPolicy: balanced
 - commit_granule_bytes: 65536.
 - commit_granule_words: 8192.
 - virtual_space_node_default_size: 1048576.
 - enlarge_chunks_in_place: 1.
 - new_chunks_are_fully_committed: 0.
 - uncommit_free_chunks: 1.
 - use_allocation_guard: 0.
 - handle_deallocations: 1.


Internal statistics:

num_allocs_failed_limit: 6.
num_arena_births: 620.
num_arena_deaths: 0.
num_vsnodes_births: 8.
num_vsnodes_deaths: 0.
num_space_committed: 960.
num_space_uncommitted: 0.
num_chunks_returned_to_freelist: 6.
num_chunks_taken_from_freelist: 2750.
num_chunk_merges: 6.
num_chunk_splits: 1976.
num_chunks_enlarged: 1545.
num_purges: 0.
num_inconsistent_stats: 0.

CodeHeap 'non-profiled nmethods': size=120000Kb used=3282Kb max_used=3282Kb free=116717Kb
 bounds [0x00000161df8c0000, 0x00000161dfc00000, 0x00000161e6df0000]
CodeHeap 'profiled nmethods': size=120000Kb used=10479Kb max_used=10541Kb free=109520Kb
 bounds [0x00000161d8390000, 0x00000161d8e30000, 0x00000161df8c0000]
CodeHeap 'non-nmethods': size=5760Kb used=1337Kb max_used=1399Kb free=4422Kb
 bounds [0x00000161d7df0000, 0x00000161d8060000, 0x00000161d8390000]
 total_blobs=5462 nmethods=4805 adapters=567
 compilation: enabled
              stopped_count=0, restarted_count=0
 full_count=0

Compilation events (20 events):
Event: 30.334 Thread 0x00000161eb639f30 5561       3       jdk.internal.misc.Unsafe::weakCompareAndSetReference (11 bytes)
Event: 30.334 Thread 0x00000161eb639f30 nmethod 5561 0x00000161d88b9e90 code [0x00000161d88ba020, 0x00000161d88ba198]
Event: 30.334 Thread 0x00000161eb639f30 5562       3       nonapi.io.github.classgraph.fastzipfilereader.LogicalZipFile::parseManifest (1070 bytes)
Event: 30.339 Thread 0x00000161eb5d1a30 nmethod 5513 0x00000161dfbef610 code [0x00000161dfbef7a0, 0x00000161dfbefcf8]
Event: 30.339 Thread 0x00000161eb5d1a30 5514       4       io.github.classgraph.ClasspathElement::checkResourcePathAcceptReject (109 bytes)
Event: 30.341 Thread 0x00000161eb5d1a30 nmethod 5514 0x00000161dfbefe10 code [0x00000161dfbeffa0, 0x00000161dfbf00f8]
Event: 30.341 Thread 0x00000161eb5d1a30 5540       4       java.lang.reflect.AccessibleObject::verifyAccess (55 bytes)
Event: 30.342 Thread 0x00000161eb639f30 nmethod 5562 0x00000161d886b010 code [0x00000161d886bac0, 0x00000161d8871d48]
Event: 30.355 Thread 0x00000161eb639f30 5564       3       java.util.concurrent.CountDownLatch$Sync::tryReleaseShared (37 bytes)
Event: 30.355 Thread 0x00000161eb639f30 nmethod 5564 0x00000161d886aa90 code [0x00000161d886ac40, 0x00000161d886af28]
Event: 30.370 Thread 0x00000161eb639f30 5565       3       java.util.concurrent.locks.ReentrantLock::lockInterruptibly (8 bytes)
Event: 30.371 Thread 0x00000161eb639f30 nmethod 5565 0x00000161d88b9610 code [0x00000161d88b9800, 0x00000161d88b9cb8]
Event: 30.371 Thread 0x00000161eb639f30 5567       3       sun.nio.fs.WindowsFileSystem::getPath (106 bytes)
Event: 30.372 Thread 0x00000161eb639f30 nmethod 5567 0x00000161d8c64510 code [0x00000161d8c647a0, 0x00000161d8c65238]
Event: 30.372 Thread 0x00000161eb639f30 5566       3       java.util.concurrent.locks.ReentrantLock$Sync::lockInterruptibly (27 bytes)
Event: 30.373 Thread 0x00000161eb639f30 nmethod 5566 0x00000161d886a290 code [0x00000161d886a480, 0x00000161d886a8b8]
Event: 30.401 Thread 0x00000161eb639f30 5568   !   3       nonapi.io.github.classgraph.fastzipfilereader.LogicalZipFile::readCentralDirectory (3373 bytes)
Event: 30.460 Thread 0x00000161eb639f30 nmethod 5568 0x00000161d8e08590 code [0x00000161d8e0aa80, 0x00000161d8e20ae8]
Event: 30.493 Thread 0x00000161eb5d1a30 nmethod 5540 0x00000161dfbf0290 code [0x00000161dfbf05c0, 0x00000161dfbf2fc8]
Event: 30.494 Thread 0x00000161eb5d1a30 5569   !   4       io.github.classgraph.ClasspathElementZip::open (1079 bytes)

GC Heap History (20 events):
Event: 19.201 GC heap after
{Heap after GC invocations=14 (full 0):
 garbage-first heap   total 48128K, used 23115K [0x00000000c4400000, 0x0000000100000000)
  region size 1024K, 1 young (1024K), 1 survivors (1024K)
 Metaspace       used 51752K, committed 52160K, reserved 1097728K
  class space    used 6964K, committed 7168K, reserved 1048576K
}
Event: 21.110 GC heap before
{Heap before GC invocations=14 (full 0):
 garbage-first heap   total 48128K, used 37451K [0x00000000c4400000, 0x0000000100000000)
  region size 1024K, 15 young (15360K), 1 survivors (1024K)
 Metaspace       used 54929K, committed 55360K, reserved 1097728K
  class space    used 7412K, committed 7616K, reserved 1048576K
}
Event: 21.114 GC heap after
{Heap after GC invocations=15 (full 0):
 garbage-first heap   total 48128K, used 24052K [0x00000000c4400000, 0x0000000100000000)
  region size 1024K, 2 young (2048K), 2 survivors (2048K)
 Metaspace       used 54929K, committed 55360K, reserved 1097728K
  class space    used 7412K, committed 7616K, reserved 1048576K
}
Event: 23.550 GC heap before
{Heap before GC invocations=16 (full 0):
 garbage-first heap   total 48128K, used 36340K [0x00000000c4400000, 0x0000000100000000)
  region size 1024K, 15 young (15360K), 2 survivors (2048K)
 Metaspace       used 56709K, committed 57152K, reserved 1105920K
  class space    used 7706K, committed 7936K, reserved 1048576K
}
Event: 23.569 GC heap after
{Heap after GC invocations=17 (full 0):
 garbage-first heap   total 48128K, used 24949K [0x00000000c4400000, 0x0000000100000000)
  region size 1024K, 1 young (1024K), 1 survivors (1024K)
 Metaspace       used 56709K, committed 57152K, reserved 1105920K
  class space    used 7706K, committed 7936K, reserved 1048576K
}
Event: 26.106 GC heap before
{Heap before GC invocations=17 (full 0):
 garbage-first heap   total 48128K, used 38261K [0x00000000c4400000, 0x0000000100000000)
  region size 1024K, 14 young (14336K), 1 survivors (1024K)
 Metaspace       used 58304K, committed 58752K, reserved 1105920K
  class space    used 7919K, committed 8128K, reserved 1048576K
}
Event: 26.119 GC heap after
{Heap after GC invocations=18 (full 0):
 garbage-first heap   total 48128K, used 26082K [0x00000000c4400000, 0x0000000100000000)
  region size 1024K, 2 young (2048K), 2 survivors (2048K)
 Metaspace       used 58304K, committed 58752K, reserved 1105920K
  class space    used 7919K, committed 8128K, reserved 1048576K
}
Event: 27.553 GC heap before
{Heap before GC invocations=19 (full 0):
 garbage-first heap   total 48128K, used 38370K [0x00000000c4400000, 0x0000000100000000)
  region size 1024K, 14 young (14336K), 2 survivors (2048K)
 Metaspace       used 60084K, committed 60544K, reserved 1105920K
  class space    used 8141K, committed 8384K, reserved 1048576K
}
Event: 27.577 GC heap after
{Heap after GC invocations=20 (full 0):
 garbage-first heap   total 48128K, used 27400K [0x00000000c4400000, 0x0000000100000000)
  region size 1024K, 2 young (2048K), 2 survivors (2048K)
 Metaspace       used 60084K, committed 60544K, reserved 1105920K
  class space    used 8141K, committed 8384K, reserved 1048576K
}
Event: 28.091 GC heap before
{Heap before GC invocations=20 (full 0):
 garbage-first heap   total 48128K, used 31496K [0x00000000c4400000, 0x0000000100000000)
  region size 1024K, 7 young (7168K), 2 survivors (2048K)
 Metaspace       used 60649K, committed 61184K, reserved 1105920K
  class space    used 8198K, committed 8448K, reserved 1048576K
}
Event: 28.103 GC heap after
{Heap after GC invocations=21 (full 0):
 garbage-first heap   total 48128K, used 27775K [0x00000000c4400000, 0x0000000100000000)
  region size 1024K, 1 young (1024K), 1 survivors (1024K)
 Metaspace       used 60649K, committed 61184K, reserved 1105920K
  class space    used 8198K, committed 8448K, reserved 1048576K
}
Event: 28.469 GC heap before
{Heap before GC invocations=22 (full 0):
 garbage-first heap   total 56320K, used 38015K [0x00000000c4400000, 0x0000000100000000)
  region size 1024K, 11 young (11264K), 1 survivors (1024K)
 Metaspace       used 60712K, committed 61184K, reserved 1105920K
  class space    used 8202K, committed 8448K, reserved 1048576K
}
Event: 28.478 GC heap after
{Heap after GC invocations=23 (full 0):
 garbage-first heap   total 56320K, used 30038K [0x00000000c4400000, 0x0000000100000000)
  region size 1024K, 2 young (2048K), 2 survivors (2048K)
 Metaspace       used 60712K, committed 61184K, reserved 1105920K
  class space    used 8202K, committed 8448K, reserved 1048576K
}
Event: 29.012 GC heap before
{Heap before GC invocations=23 (full 0):
 garbage-first heap   total 56320K, used 42326K [0x00000000c4400000, 0x0000000100000000)
  region size 1024K, 15 young (15360K), 2 survivors (2048K)
 Metaspace       used 60762K, committed 61248K, reserved 1105920K
  class space    used 8202K, committed 8448K, reserved 1048576K
}
Event: 29.027 GC heap after
{Heap after GC invocations=24 (full 0):
 garbage-first heap   total 56320K, used 32848K [0x00000000c4400000, 0x0000000100000000)
  region size 1024K, 2 young (2048K), 2 survivors (2048K)
 Metaspace       used 60762K, committed 61248K, reserved 1105920K
  class space    used 8202K, committed 8448K, reserved 1048576K
}
Event: 30.260 GC heap before
{Heap before GC invocations=25 (full 0):
 garbage-first heap   total 58368K, used 44112K [0x00000000c4400000, 0x0000000100000000)
  region size 1024K, 13 young (13312K), 2 survivors (2048K)
 Metaspace       used 60916K, committed 61376K, reserved 1105920K
  class space    used 8215K, committed 8448K, reserved 1048576K
}
Event: 30.274 GC heap after
{Heap after GC invocations=26 (full 0):
 garbage-first heap   total 58368K, used 36779K [0x00000000c4400000, 0x0000000100000000)
  region size 1024K, 2 young (2048K), 2 survivors (2048K)
 Metaspace       used 60916K, committed 61376K, reserved 1105920K
  class space    used 8215K, committed 8448K, reserved 1048576K
}
Event: 30.388 GC heap before
{Heap before GC invocations=26 (full 0):
 garbage-first heap   total 58368K, used 39851K [0x00000000c4400000, 0x0000000100000000)
  region size 1024K, 6 young (6144K), 2 survivors (2048K)
 Metaspace       used 60920K, committed 61376K, reserved 1105920K
  class space    used 8215K, committed 8448K, reserved 1048576K
}
Event: 30.394 GC heap after
{Heap after GC invocations=27 (full 0):
 garbage-first heap   total 58368K, used 37850K [0x00000000c4400000, 0x0000000100000000)
  region size 1024K, 1 young (1024K), 1 survivors (1024K)
 Metaspace       used 60920K, committed 61376K, reserved 1105920K
  class space    used 8215K, committed 8448K, reserved 1048576K
}
Event: 30.567 GC heap before
{Heap before GC invocations=27 (full 0):
 garbage-first heap   total 75776K, used 46042K [0x00000000c4400000, 0x0000000100000000)
  region size 1024K, 8 young (8192K), 1 survivors (1024K)
 Metaspace       used 60944K, committed 61440K, reserved 1105920K
  class space    used 8215K, committed 8448K, reserved 1048576K
}

Deoptimization events (20 events):
Event: 29.891 Thread 0x00000161edc34330 Uncommon trap: trap_request=0xffffff45 fr.pc=0x00000161dfad61c8 relative=0x0000000000000048
Event: 29.891 Thread 0x00000161edc34330 Uncommon trap: reason=unstable_if action=reinterpret pc=0x00000161dfad61c8 method=java.lang.Thread.interrupted()Z @ 10 c2
Event: 29.891 Thread 0x00000161edc34330 DEOPT PACKING pc=0x00000161dfad61c8 sp=0x00000029ae1fef70
Event: 29.891 Thread 0x00000161edc34330 DEOPT UNPACKING pc=0x00000161d7e45ba3 sp=0x00000029ae1fef00 mode 2
Event: 30.288 Thread 0x00000161ef6ca4f0 DEOPT PACKING pc=0x00000161d8e02af5 sp=0x00000029ae7fed20
Event: 30.289 Thread 0x00000161ef6ca4f0 DEOPT UNPACKING pc=0x00000161d7e466e3 sp=0x00000029ae7fe3d0 mode 0
Event: 30.327 Thread 0x00000161ef6cb830 Uncommon trap: trap_request=0xffffff45 fr.pc=0x00000161dfad8c48 relative=0x0000000000001c88
Event: 30.327 Thread 0x00000161ef6cb830 Uncommon trap: reason=unstable_if action=reinterpret pc=0x00000161dfad8c48 method=nonapi.io.github.classgraph.fastzipfilereader.LogicalZipFile.parseManifest(Lnonapi/io/github/classgraph/fastzipfilereader/FastZipEntry;Lnonapi/io/github/classgraph/utils/Log
Event: 30.327 Thread 0x00000161ef6cb830 DEOPT PACKING pc=0x00000161dfad8c48 sp=0x00000029ae4fe6c0
Event: 30.327 Thread 0x00000161ef6cb830 DEOPT UNPACKING pc=0x00000161d7e45ba3 sp=0x00000029ae4fe680 mode 2
Event: 30.334 Thread 0x00000161ef6c7e70 Uncommon trap: trap_request=0xffffff45 fr.pc=0x00000161dfa7a7a0 relative=0x0000000000001360
Event: 30.334 Thread 0x00000161ef6c7e70 Uncommon trap: reason=unstable_if action=reinterpret pc=0x00000161dfa7a7a0 method=nonapi.io.github.classgraph.fastzipfilereader.LogicalZipFile.parseManifest(Lnonapi/io/github/classgraph/fastzipfilereader/FastZipEntry;Lnonapi/io/github/classgraph/utils/Log
Event: 30.334 Thread 0x00000161ef6c7e70 DEOPT PACKING pc=0x00000161dfa7a7a0 sp=0x00000029ae3fe380
Event: 30.334 Thread 0x00000161ef6c7e70 DEOPT UNPACKING pc=0x00000161d7e45ba3 sp=0x00000029ae3fe340 mode 2
Event: 30.364 Thread 0x00000161ef6cd9e0 DEOPT PACKING pc=0x00000161d8e02e0f sp=0x00000029ae5fe830
Event: 30.364 Thread 0x00000161ef6cd9e0 DEOPT UNPACKING pc=0x00000161d7e466e3 sp=0x00000029ae5fdee0 mode 0
Event: 30.384 Thread 0x00000161ef6cd9e0 DEOPT PACKING pc=0x00000161d8e02e0f sp=0x00000029ae5fe830
Event: 30.384 Thread 0x00000161ef6cd9e0 DEOPT UNPACKING pc=0x00000161d7e466e3 sp=0x00000029ae5fdee0 mode 0
Event: 30.403 Thread 0x00000161ef6cd9e0 DEOPT PACKING pc=0x00000161d8e02e0f sp=0x00000029ae5fe830
Event: 30.403 Thread 0x00000161ef6cd9e0 DEOPT UNPACKING pc=0x00000161d7e466e3 sp=0x00000029ae5fdee0 mode 0

Classes unloaded (0 events):
No events

Classes redefined (0 events):
No events

Internal exceptions (20 events):
Event: 30.241 Thread 0x00000161ef6c7000 Exception <a 'sun/nio/fs/WindowsException'{0x00000000c72e7660}> (0x00000000c72e7660) 
thrown [s\open\src\hotspot\share\prims\jni.cpp, line 516]
Event: 30.241 Thread 0x00000161ef6c7000 Exception <a 'sun/nio/fs/WindowsException'{0x00000000c72e7a40}> (0x00000000c72e7a40) 
thrown [s\open\src\hotspot\share\prims\jni.cpp, line 516]
Event: 30.241 Thread 0x00000161ef6c7000 Exception <a 'sun/nio/fs/WindowsException'{0x00000000c72e8490}> (0x00000000c72e8490) 
thrown [s\open\src\hotspot\share\prims\jni.cpp, line 516]
Event: 30.241 Thread 0x00000161ef6c7000 Exception <a 'sun/nio/fs/WindowsException'{0x00000000c72e88a8}> (0x00000000c72e88a8) 
thrown [s\open\src\hotspot\share\prims\jni.cpp, line 516]
Event: 30.241 Thread 0x00000161ef6c7000 Exception <a 'sun/nio/fs/WindowsException'{0x00000000c72e92d0}> (0x00000000c72e92d0) 
thrown [s\open\src\hotspot\share\prims\jni.cpp, line 516]
Event: 30.241 Thread 0x00000161ef6c7000 Exception <a 'sun/nio/fs/WindowsException'{0x00000000c72e96b8}> (0x00000000c72e96b8) 
thrown [s\open\src\hotspot\share\prims\jni.cpp, line 516]
Event: 30.241 Thread 0x00000161ef6c7000 Exception <a 'sun/nio/fs/WindowsException'{0x00000000c72ea0b8}> (0x00000000c72ea0b8) 
thrown [s\open\src\hotspot\share\prims\jni.cpp, line 516]
Event: 30.241 Thread 0x00000161ef6c7000 Exception <a 'sun/nio/fs/WindowsException'{0x00000000c72ea468}> (0x00000000c72ea468) 
thrown [s\open\src\hotspot\share\prims\jni.cpp, line 516]
Event: 30.241 Thread 0x00000161ef6c7000 Exception <a 'sun/nio/fs/WindowsException'{0x00000000c72eae70}> (0x00000000c72eae70) 
thrown [s\open\src\hotspot\share\prims\jni.cpp, line 516]
Event: 30.242 Thread 0x00000161ef6c7000 Exception <a 'sun/nio/fs/WindowsException'{0x00000000c72f9678}> (0x00000000c72f9678) 
thrown [s\open\src\hotspot\share\prims\jni.cpp, line 516]
Event: 30.242 Thread 0x00000161ef6c7000 Exception <a 'sun/nio/fs/WindowsException'{0x00000000c72fa078}> (0x00000000c72fa078) 
thrown [s\open\src\hotspot\share\prims\jni.cpp, line 516]
Event: 30.242 Thread 0x00000161ef6c7000 Exception <a 'sun/nio/fs/WindowsException'{0x00000000c72fa430}> (0x00000000c72fa430) 
thrown [s\open\src\hotspot\share\prims\jni.cpp, line 516]
Event: 30.242 Thread 0x00000161ef6c7000 Exception <a 'sun/nio/fs/WindowsException'{0x00000000c72fae38}> (0x00000000c72fae38) 
thrown [s\open\src\hotspot\share\prims\jni.cpp, line 516]
Event: 30.242 Thread 0x00000161ef6c7000 Exception <a 'sun/nio/fs/WindowsException'{0x00000000c72fb1f8}> (0x00000000c72fb1f8) 
thrown [s\open\src\hotspot\share\prims\jni.cpp, line 516]
Event: 30.242 Thread 0x00000161ef6c7000 Exception <a 'sun/nio/fs/WindowsException'{0x00000000c72fbc20}> (0x00000000c72fbc20) 
thrown [s\open\src\hotspot\share\prims\jni.cpp, line 516]
Event: 30.242 Thread 0x00000161ef6c7000 Exception <a 'sun/nio/fs/WindowsException'{0x00000000c72fc008}> (0x00000000c72fc008) 
thrown [s\open\src\hotspot\share\prims\jni.cpp, line 516]
Event: 30.274 Thread 0x00000161ef6c7000 Exception <a 'sun/nio/fs/WindowsException'{0x00000000c7f02010}> (0x00000000c7f02010) 
thrown [s\open\src\hotspot\share\prims\jni.cpp, line 516]
Event: 30.274 Thread 0x00000161ef6c7000 Exception <a 'sun/nio/fs/WindowsException'{0x00000000c7f02410}> (0x00000000c7f02410) 
thrown [s\open\src\hotspot\share\prims\jni.cpp, line 516]
Event: 30.274 Thread 0x00000161ef6c7000 Exception <a 'sun/nio/fs/WindowsException'{0x00000000c7f02e40}> (0x00000000c7f02e40) 
thrown [s\open\src\hotspot\share\prims\jni.cpp, line 516]
Event: 30.274 Thread 0x00000161ef6c7000 Exception <a 'sun/nio/fs/WindowsException'{0x00000000c7f03230}> (0x00000000c7f03230) 
thrown [s\open\src\hotspot\share\prims\jni.cpp, line 516]

VM Operations (20 events):
Event: 28.213 Executing VM operation: G1Concurrent done
Event: 28.257 Executing VM operation: G1Concurrent
Event: 28.258 Executing VM operation: G1Concurrent done
Event: 28.469 Executing VM operation: G1CollectForAllocation
Event: 28.481 Executing VM operation: G1CollectForAllocation done
Event: 29.012 Executing VM operation: G1CollectForAllocation
Event: 29.028 Executing VM operation: G1CollectForAllocation done
Event: 29.142 Executing VM operation: G1Concurrent
Event: 29.149 Executing VM operation: G1Concurrent done
Event: 29.275 Executing VM operation: G1Concurrent
Event: 29.316 Executing VM operation: G1Concurrent done
Event: 29.972 Executing VM operation: HandshakeAllThreads
Event: 29.972 Executing VM operation: HandshakeAllThreads done
Event: 30.242 Executing VM operation: G1CollectForAllocation
Event: 30.275 Executing VM operation: G1CollectForAllocation done
Event: 30.388 Executing VM operation: G1TryInitiateConcMark
Event: 30.395 Executing VM operation: G1TryInitiateConcMark done
Event: 30.534 Executing VM operation: G1Concurrent
Event: 30.557 Executing VM operation: G1Concurrent done
Event: 30.567 Executing VM operation: G1CollectForAllocation

Events (20 events):
Event: 30.106 Thread 0x00000161ef6c9680 Thread added: 0x00000161ef6c9680
Event: 30.107 Thread 0x00000161ef6c74d0 Thread added: 0x00000161ef6c74d0
Event: 30.108 Thread 0x00000161ef6c9b50 Thread added: 0x00000161ef6c9b50
Event: 30.114 Thread 0x00000161ef6cd510 Thread added: 0x00000161ef6cd510
Event: 30.155 Thread 0x00000161ef6c74d0 Thread exited: 0x00000161ef6c74d0
Event: 30.155 Thread 0x00000161ef6c9680 Thread exited: 0x00000161ef6c9680
Event: 30.155 Thread 0x00000161ef6c7e70 Thread exited: 0x00000161ef6c7e70
Event: 30.155 Thread 0x00000161ef6c8810 Thread exited: 0x00000161ef6c8810
Event: 30.155 Thread 0x00000161ef6c9b50 Thread exited: 0x00000161ef6c9b50
Event: 30.155 Thread 0x00000161ef6c91b0 Thread exited: 0x00000161ef6c91b0
Event: 30.155 Thread 0x00000161ef6c8ce0 Thread exited: 0x00000161ef6c8ce0
Event: 30.156 Thread 0x00000161ef6cd510 Thread exited: 0x00000161ef6cd510
Event: 30.224 Thread 0x00000161ef6ca9c0 Thread added: 0x00000161ef6ca9c0
Event: 30.235 Thread 0x00000161ef6c7000 Thread added: 0x00000161ef6c7000
Event: 30.236 Thread 0x00000161ef6c7e70 Thread added: 0x00000161ef6c7e70
Event: 30.236 Thread 0x00000161ef6cb830 Thread added: 0x00000161ef6cb830
Event: 30.236 Thread 0x00000161ef6cd9e0 Thread added: 0x00000161ef6cd9e0
Event: 30.236 Thread 0x00000161ef6cdeb0 Thread added: 0x00000161ef6cdeb0
Event: 30.236 Thread 0x00000161ef6ca4f0 Thread added: 0x00000161ef6ca4f0
Event: 30.236 Thread 0x00000161ef6cd510 Thread added: 0x00000161ef6cd510


Dynamic libraries:
0x00007ff60fd30000 - 0x00007ff60fd40000 	C:\Program Files\Java\jdk-17.0.5\bin\javaw.exe
0x00007ffdce5b0000 - 0x00007ffdce7c4000 	C:\WINDOWS\SYSTEM32\ntdll.dll
0x00007ffdcdc90000 - 0x00007ffdcdd52000 	C:\WINDOWS\System32\KERNEL32.DLL
0x00007ffdcbca0000 - 0x00007ffdcc03d000 	C:\WINDOWS\System32\KERNELBASE.dll
0x00007ffdcc220000 - 0x00007ffdcc331000 	C:\WINDOWS\System32\ucrtbase.dll
0x00007ffd9be90000 - 0x00007ffd9bea8000 	C:\Program Files\Java\jdk-17.0.5\bin\jli.dll
0x00007ffd9e470000 - 0x00007ffd9e48a000 	C:\Program Files\Java\jdk-17.0.5\bin\VCRUNTIME140.dll
0x00007ffdcda50000 - 0x00007ffdcdafe000 	C:\WINDOWS\System32\ADVAPI32.dll
0x00007ffdccc10000 - 0x00007ffdcccb7000 	C:\WINDOWS\System32\msvcrt.dll
0x00007ffdcca00000 - 0x00007ffdccaa4000 	C:\WINDOWS\System32\sechost.dll
0x00007ffdce450000 - 0x00007ffdce565000 	C:\WINDOWS\System32\RPCRT4.dll
0x00007ffdcccc0000 - 0x00007ffdcce6a000 	C:\WINDOWS\System32\USER32.dll
0x00007ffdcbb00000 - 0x00007ffdcbb26000 	C:\WINDOWS\System32\win32u.dll
0x00007ffdcdd60000 - 0x00007ffdcdd89000 	C:\WINDOWS\System32\GDI32.dll
0x00007ffdcc100000 - 0x00007ffdcc212000 	C:\WINDOWS\System32\gdi32full.dll
0x00007ffdcba60000 - 0x00007ffdcbafa000 	C:\WINDOWS\System32\msvcp_win.dll
0x00007ffdbca00000 - 0x00007ffdbcc8e000 	C:\WINDOWS\WinSxS\amd64_microsoft.windows.common-controls_6595b64144ccf1df_6.0.22621.608_none_a9444ca7c10bb01d\COMCTL32.dll
0x00007ffdbf860000 - 0x00007ffdbf86a000 	C:\WINDOWS\SYSTEM32\VERSION.dll
0x00007ffdcd070000 - 0x00007ffdcd0a2000 	C:\WINDOWS\System32\IMM32.DLL
0x00007ffdc8680000 - 0x00007ffdc868c000 	C:\Program Files\Java\jdk-17.0.5\bin\vcruntime140_1.dll
0x00007ffd8c8f0000 - 0x00007ffd8c97d000 	C:\Program Files\Java\jdk-17.0.5\bin\msvcp140.dll
0x00007ffd5fd10000 - 0x00007ffd608d2000 	C:\Program Files\Java\jdk-17.0.5\bin\server\jvm.dll
0x00007ffdcd060000 - 0x00007ffdcd068000 	C:\WINDOWS\System32\PSAPI.DLL
0x00007ffdbb930000 - 0x00007ffdbb964000 	C:\WINDOWS\SYSTEM32\WINMM.dll
0x00007ffdc85e0000 - 0x00007ffdc85e9000 	C:\WINDOWS\SYSTEM32\WSOCK32.dll
0x00007ffdcde20000 - 0x00007ffdcde91000 	C:\WINDOWS\System32\ws2_32.DLL
0x00007ffdcab40000 - 0x00007ffdcab58000 	C:\WINDOWS\SYSTEM32\kernel.appcore.dll
0x00007ffda52c0000 - 0x00007ffda52ca000 	C:\Program Files\Java\jdk-17.0.5\bin\jimage.dll
0x00007ffdc9340000 - 0x00007ffdc956e000 	C:\WINDOWS\SYSTEM32\DBGHELP.DLL
0x00007ffdcc490000 - 0x00007ffdcc81a000 	C:\WINDOWS\System32\combase.dll
0x00007ffdcc3b0000 - 0x00007ffdcc487000 	C:\WINDOWS\System32\OLEAUT32.dll
0x00007ffda83c0000 - 0x00007ffda83f2000 	C:\WINDOWS\SYSTEM32\dbgcore.DLL
0x00007ffdcb9e0000 - 0x00007ffdcba5b000 	C:\WINDOWS\System32\bcryptPrimitives.dll
0x00007ffd9be60000 - 0x00007ffd9be85000 	C:\Program Files\Java\jdk-17.0.5\bin\java.dll
0x00007ffd7f730000 - 0x00007ffd7f806000 	C:\Program Files\Java\jdk-17.0.5\bin\jsvml.dll
0x00007ffdcd270000 - 0x00007ffdcda50000 	C:\WINDOWS\System32\SHELL32.dll
0x00007ffdc99e0000 - 0x00007ffdca2a5000 	C:\WINDOWS\SYSTEM32\windows.storage.dll
0x00007ffdc98a0000 - 0x00007ffdc99de000 	C:\WINDOWS\SYSTEM32\wintypes.dll
0x00007ffdccf60000 - 0x00007ffdcd051000 	C:\WINDOWS\System32\SHCORE.dll
0x00007ffdcce70000 - 0x00007ffdccece000 	C:\WINDOWS\System32\shlwapi.dll
0x00007ffdcb910000 - 0x00007ffdcb931000 	C:\WINDOWS\SYSTEM32\profapi.dll
0x00007ffd8c8d0000 - 0x00007ffd8c8e9000 	C:\Program Files\Java\jdk-17.0.5\bin\net.dll
0x00007ffdc16c0000 - 0x00007ffdc17ef000 	C:\WINDOWS\SYSTEM32\WINHTTP.dll
0x00007ffdcafa0000 - 0x00007ffdcb009000 	C:\WINDOWS\system32\mswsock.dll
0x00007ffd8c8b0000 - 0x00007ffd8c8c6000 	C:\Program Files\Java\jdk-17.0.5\bin\nio.dll
0x00007ffd8f080000 - 0x00007ffd8f098000 	C:\Program Files\Java\jdk-17.0.5\bin\zip.dll
0x00007ffda4f60000 - 0x00007ffda4f70000 	C:\Program Files\Java\jdk-17.0.5\bin\verify.dll
0x00007ffdcb1e0000 - 0x00007ffdcb1fb000 	C:\WINDOWS\SYSTEM32\CRYPTSP.dll
0x00007ffdcaab0000 - 0x00007ffdcaae5000 	C:\WINDOWS\system32\rsaenh.dll
0x00007ffdcb090000 - 0x00007ffdcb0b8000 	C:\WINDOWS\SYSTEM32\USERENV.dll
0x00007ffdcb380000 - 0x00007ffdcb3a8000 	C:\WINDOWS\SYSTEM32\bcrypt.dll
0x00007ffdcb200000 - 0x00007ffdcb20c000 	C:\WINDOWS\SYSTEM32\CRYPTBASE.dll
0x00007ffdca500000 - 0x00007ffdca52d000 	C:\WINDOWS\SYSTEM32\IPHLPAPI.DLL
0x00007ffdcdc20000 - 0x00007ffdcdc29000 	C:\WINDOWS\System32\NSI.dll
0x00007ffdc0df0000 - 0x00007ffdc0e09000 	C:\WINDOWS\SYSTEM32\dhcpcsvc6.DLL
0x00007ffdc0dd0000 - 0x00007ffdc0def000 	C:\WINDOWS\SYSTEM32\dhcpcsvc.DLL
0x00007ffdca570000 - 0x00007ffdca662000 	C:\WINDOWS\SYSTEM32\DNSAPI.dll
0x00007ffdb5b60000 - 0x00007ffdb5b6e000 	C:\Program Files\Java\jdk-17.0.5\bin\sunmscapi.dll
0x00007ffdcbb30000 - 0x00007ffdcbc96000 	C:\WINDOWS\System32\CRYPT32.dll
0x00007ffdcb350000 - 0x00007ffdcb37d000 	C:\WINDOWS\SYSTEM32\ncrypt.dll
0x00007ffdcb310000 - 0x00007ffdcb347000 	C:\WINDOWS\SYSTEM32\NTASN1.dll
0x00007ffdbeaf0000 - 0x00007ffdbeaf9000 	C:\Program Files\Java\jdk-17.0.5\bin\management.dll
0x00007ffdbba80000 - 0x00007ffdbba8b000 	C:\Program Files\Java\jdk-17.0.5\bin\management_ext.dll
0x00007ffdc0fb0000 - 0x00007ffdc0fba000 	C:\Windows\System32\rasadhlp.dll
0x00007ffdc0390000 - 0x00007ffdc0413000 	C:\WINDOWS\System32\fwpuclnt.dll

dbghelp: loaded successfully - version: 4.0.5 - missing functions: none
symbol engine: initialized successfully - sym options: 0x614 - pdb path: .;C:\Program Files\Java\jdk-17.0.5\bin;C:\WINDOWS\SYSTEM32;C:\WINDOWS\WinSxS\amd64_microsoft.windows.common-controls_6595b64144ccf1df_6.0.22621.608_none_a9444ca7c10bb01d;C:\Program Files\Java\jdk-17.0.5\bin\server

VM Arguments:
jvm_args: -Dfile.encoding=UTF-8 -XX:+ShowCodeDetailsInExceptionMessages 
java_command: me.dio.gameawards.Application
java_class_path (initial): C:\Users\lucas\OneDrive\Documentos\GitHub\ApiGameAwards\dio-game-awards\dio-game-awards\target\classes;C:\Users\lucas\.m2\repository\org\springframework\boot\spring-boot-starter-data-jpa\3.0.0\spring-boot-starter-data-jpa-3.0.0.jar;C:\Users\lucas\.m2\repository\org\springframework\boot\spring-boot-starter-aop\3.0.0\spring-boot-starter-aop-3.0.0.jar;C:\Users\lucas\.m2\repository\org\springframework\spring-aop\6.0.2\spring-aop-6.0.2.jar;C:\Users\lucas\.m2\repository\org\aspectj\aspectjweaver\1.9.9.1\aspectjweaver-1.9.9.1.jar;C:\Users\lucas\.m2\repository\org\springframework\boot\spring-boot-starter-jdbc\3.0.0\spring-boot-starter-jdbc-3.0.0.jar;C:\Users\lucas\.m2\repository\com\zaxxer\HikariCP\5.0.1\HikariCP-5.0.1.jar;C:\Users\lucas\.m2\repository\org\springframework\spring-jdbc\6.0.2\spring-jdbc-6.0.2.jar;C:\Users\lucas\.m2\repository\org\hibernate\orm\hibernate-core\6.1.5.Final\hibernate-core-6.1.5.Final.jar;C:\Users\lucas\.m2\repository\jakarta\persistence\jakarta.persistence-api\3.1.0\jakarta.persistence-api-3.1.0.jar;C:\Users\lucas\.m2\repository\jakarta\transaction\jakarta.transaction-api\2.0.1\jakarta.transaction-api-2.0.1.jar;C:\Users\lucas\.m2\repository\org\jboss\logging\jboss-logging\3.5.0.Final\jboss-logging-3.5.0.Final.jar;C:\Users\lucas\.m2\repository\org\hibernate\common\hibernate-commons-annotations\6.0.2.Final\hibernate-commons-annotations-6.0.2.Final.jar;C:\Users\lucas\.m2\repository\org\jboss\jandex\2.4.2.Final\jandex-2.4.2.Final.jar;C:\Users\lucas\.m2\repository\com\fasterxml\classmate\1.5.1\classmate-1.5.1.jar;C:\Users\lucas\.m2\repository\net\bytebuddy\byte-buddy\1.12.19\byte-buddy-1.12.19.jar;C:\Users\lucas\.m2\repository\org\glassfish\jaxb\jaxb-runtime\4.0.1\jaxb-runtime-4.0.1.jar;C:\Users\lucas\.m2\repository\org\glassfish\jaxb\jaxb-core\4.0.1\jaxb-core-4.0.1.jar;C:\Users\lucas\.m2\repository\org\eclipse\angus\angus-activation\1.0.0\angus-activation-1.0.0.jar;C:\Users\lucas\.m2\repository\org\glassfish\jaxb\txw2\4.0
Launcher Type: SUN_STANDARD

[Global flags]
     intx CICompilerCount                          = 3                                         {product} {ergonomic}
     uint ConcGCThreads                            = 1                                         {product} {ergonomic}
     uint G1ConcRefinementThreads                  = 4                                         {product} {ergonomic}
   size_t G1HeapRegionSize                         = 1048576                                   {product} {ergonomic}
    uintx GCDrainStackTargetSize                   = 64                                        {product} {ergonomic}
   size_t InitialHeapSize                          = 62914560                                  {product} {ergonomic}
   size_t MarkStackSize                            = 4194304                                   {product} {ergonomic}
   size_t MaxHeapSize                              = 1002438656                                {product} {ergonomic}
   size_t MaxNewSize                               = 600834048                                 {product} {ergonomic}
   size_t MinHeapDeltaBytes                        = 1048576                                   {product} {ergonomic}
   size_t MinHeapSize                              = 8388608                                   {product} {ergonomic}
    uintx NonNMethodCodeHeapSize                   = 5832780                                {pd product} {ergonomic}
    uintx NonProfiledCodeHeapSize                  = 122912730                              {pd product} {ergonomic}
    uintx ProfiledCodeHeapSize                     = 122912730                              {pd product} {ergonomic}
    uintx ReservedCodeCacheSize                    = 251658240                              {pd product} {ergonomic}
     bool SegmentedCodeCache                       = true                                      {product} {ergonomic}
     bool ShowCodeDetailsInExceptionMessages       = true                                   {manageable} {command line}
   size_t SoftMaxHeapSize                          = 1002438656                             {manageable} {ergonomic}
     bool UseCompressedClassPointers               = true                           {product lp64_product} {ergonomic}
     bool UseCompressedOops                        = true                           {product lp64_product} {ergonomic}
     bool UseG1GC                                  = true                                      {product} {ergonomic}
     bool UseLargePagesIndividualAllocation        = false                                  {pd product} {ergonomic}

Logging:
Log output configuration:
 #0: stdout all=warning uptime,level,tags
 #1: stderr all=off uptime,level,tags

Environment Variables:
PATH=C:\Program Files\Common Files\Oracle\Java\javapath;C:\WINDOWS\system32;C:\WINDOWS;C:\WINDOWS\System32\Wbem;C:\WINDOWS\System32\WindowsPowerShell\v1.0\;C:\WINDOWS\System32\OpenSSH\;C:\Program Files\Git\cmd;C:\Program Files\dotnet\;C:\ProgramData\chocolatey\bin;C:\Program Files\nodejs\;C:\Users\lucas\AppData\Local\Microsoft\WindowsApps;C:\Users\lucas\AppData\Local\GitHubDesktop\bin;C:\Users\lucas\.dotnet\tools;C:\Users\lucas\AppData\Local\Programs\Microsoft VS Code\bin;C:\Users\lucas\AppData\Roaming\npm
USERNAME=lucas
OS=Windows_NT
PROCESSOR_IDENTIFIER=Intel64 Family 6 Model 140 Stepping 1, GenuineIntel



---------------  S Y S T E M  ---------------

OS:
 Windows 11 , 64 bit Build 22621 (10.0.22621.755)
OS uptime: 4 days 21:32 hours
Hyper-V role detected

CPU: total 4 (initial active 4) (2 cores per cpu, 2 threads per core) family 6 model 140 stepping 1 microcode 0x8a, cx8, cmov, fxsr, ht, mmx, 3dnowpref, sse, sse2, sse3, ssse3, sse4.1, sse4.2, popcnt, lzcnt, tsc, tscinvbit, avx, avx2, aes, erms, clmul, bmi1, bmi2, adx, avx512f, avx512dq, avx512cd, avx512bw, avx512vl, sha, fma, vzeroupper, avx512_vpopcntdq, avx512_vpclmulqdq, avx512_vaes, avx512_vnni, clflush, clflushopt, clwb, avx512_vbmi2, avx512_vbmi, hv

Memory: 4k page, system-wide physical 3819M (156M free)
TotalPageFile size 15595M (AvailPageFile size 9M)
current process WorkingSet (physical memory assigned to process): 178M, peak: 187M
current process commit charge ("private bytes"): 267M, peak: 288M

vm_info: Java HotSpot(TM) 64-Bit Server VM (17.0.5+9-LTS-191) for windows-amd64 JRE (17.0.5+9-LTS-191), built on Sep 13 2022 17:31:43 by "mach5one" with MS VC++ 16.8 / 16.9 (VS2019)

END.
